<?xml version="1.0" encoding="UTF-8"?>
<testng-results skipped="0" failed="0" ignored="0" total="1" passed="1">
  <reporter-output>
  </reporter-output>
  <suite name="CIProcessPrac" duration-ms="10535" started-at="2018-04-11T12:02:59Z" finished-at="2018-04-11T12:03:10Z">
    <groups>
    </groups>
    <test name="CIProcessTest" duration-ms="10535" started-at="2018-04-11T12:02:59Z" finished-at="2018-04-11T12:03:10Z">
      <class name="test.NewTest">
        <test-method status="PASS" signature="openBrowser()[pri:0, instance:test.NewTest@6a41eaa2]" name="openBrowser" is-config="true" duration-ms="5005" started-at="2018-04-11T17:32:59Z" finished-at="2018-04-11T17:33:04Z">
          <reporter-output>
          </reporter-output>
        </test-method> <!-- openBrowser -->
        <test-method status="PASS" signature="assertBrowserTitle()[pri:0, instance:test.NewTest@6a41eaa2]" name="assertBrowserTitle" duration-ms="4931" started-at="2018-04-11T17:33:04Z" finished-at="2018-04-11T17:33:09Z">
          <reporter-output>
          </reporter-output>
        </test-method> <!-- assertBrowserTitle -->
        <test-method status="PASS" signature="closeBrowser()[pri:0, instance:test.NewTest@6a41eaa2]" name="closeBrowser" is-config="true" duration-ms="562" started-at="2018-04-11T17:33:09Z" finished-at="2018-04-11T17:33:10Z">
          <reporter-output>
          </reporter-output>
        </test-method> <!-- closeBrowser -->
      </class> <!-- test.NewTest -->
    </test> <!-- CIProcessTest -->
  </suite> <!-- CIProcessPrac -->
</testng-results>
